<?xml version="1.0" encoding="UTF-8"?>
<testsuite xmlns:xsi="http://www.w3.org/2001/XMLSchema-instance" xsi:noNamespaceSchemaLocation="https://maven.apache.org/surefire/maven-surefire-plugin/xsd/surefire-test-report-3.0.xsd" version="3.0" name="runners.TestRunner" time="165.243" tests="12" errors="0" skipped="0" failures="0">
  <properties>
[...]
</properties>
  <testcase name="runScenario[&quot;Verify homepage sections&quot;, &quot;Home Page Verification&quot;](1)" classname="runners.TestRunner" time="2.35">
    <system-out><![CDATA[
@Step1
Scenario: Verify homepage sections                 # src/test/resources/features/A-HomePage/HomePage.feature:4
  Given I open the homepage                        # stepDefinitions.HomePageSteps.i_open_the_homepage()
Top Offers Check Success: Element is visible.
  Then I should see the Top Offers section         # stepDefinitions.HomePageSteps.verify_top_offers_section()
Recommended Section Check Success: Element is visible.
  And I should see the Recommended for You section # stepDefinitions.HomePageSteps.verify_recommended_section()
Search Bar Check Success: Element is visible.
  And The search bar should be visible             # stepDefinitions.HomePageSteps.verify_search_bar()
]]></system-out>
    <system-err><![CDATA[[main] WARN org.testng.internal.Configuration - Detected a static method [runners.TestRunner.setup()]. Static configuration methods can cause  unexpected behavior.
[main] WARN org.testng.internal.Configuration - Detected a static method [runners.TestRunner.teardown()]. Static configuration methods can cause  unexpected behavior.
[main] INFO io.github.bonigarcia.wdm.WebDriverManager - Using chromedriver 134.0.6998.165 (resolved driver for Chrome 134)
[main] INFO io.github.bonigarcia.wdm.online.Downloader - Downloading https://storage.googleapis.com/chrome-for-testing-public/134.0.6998.165/win64/chromedriver-win64.zip
[main] INFO io.github.bonigarcia.wdm.online.Downloader - Extracting driver from compressed file chromedriver-win64.zip
[main] INFO io.github.bonigarcia.wdm.WebDriverManager - Exporting webdriver.chrome.driver as C:\Users\DK1146TX\.cache\selenium\chromedriver\win64\134.0.6998.165\chromedriver.exe
Mar 22, 2025 9:39:10 AM org.openqa.selenium.devtools.CdpVersionFinder findNearestMatch
WARNING: Unable to find CDP implementation matching 134
Mar 22, 2025 9:39:10 AM org.openqa.selenium.chromium.ChromiumDriver lambda$new$5
WARNING: Unable to find version of CDP to use for 134.0.6998.118. You may need to include a dependency on a specific version of the CDP using something similar to `org.seleniumhq.selenium:selenium-devtools-v86:4.12.1` where the version ("v86") matches the version of the chromium-based browser you're using and the version number of the artifact is the same as Selenium's.
]]></system-err>
  </testcase>
  <testcase name="runScenario[&quot;Register and Login with Valid Data&quot;, &quot;User Registration and Login&quot;](2)" classname="runners.TestRunner" time="40.35">
    <system-out><![CDATA[
@Step2
Scenario: Register and Login with Valid Data             # src/test/resources/features/B-UserAuthentication/userAuthentication.feature:4
  Given User is on registration page                     # stepDefinitions.UserSteps.user_is_on_registration_page()
  When User enters valid registration details from Excel # stepDefinitions.UserSteps.user_enters_valid_registration_details_from_excel()
Actual Registration Status: true
  Then Registration should be successful                 # stepDefinitions.UserSteps.registration_should_be_successful()
  Given User is on login page                            # stepDefinitions.UserSteps.user_is_on_login_page()
Login attempt successful with provided credentials.
  When User enters invalid login credentials from Excel  # stepDefinitions.UserSteps.user_enters_invalid_login_credentials_from_excel()
Login Failed: Error message is displayed.
  Then Login should fail                                 # stepDefinitions.UserSteps.login_should_fail()
]]></system-out>
  </testcase>
  <testcase name="runScenario[&quot;Login with Valid Data&quot;, &quot;User Registration and Login&quot;](3)" classname="runners.TestRunner" time="12.725">
    <system-out><![CDATA[
@Step2
Scenario: Login with Valid Data                       # src/test/resources/features/B-UserAuthentication/userAuthentication.feature:15
  Given User is on login page                         # stepDefinitions.UserSteps.user_is_on_login_page()
Login attempt successful with provided credentials.
  When User enters valid login credentials from Excel # stepDefinitions.UserSteps.user_enters_valid_login_credentials_from_excel()
Login Successful: Logout button is visible.
  Then User should be logged in successfully          # stepDefinitions.UserSteps.user_should_be_logged_in_successfully()
]]></system-out>
  </testcase>
  <testcase name="runScenario[&quot;Verify search functionality&quot;, &quot;Search Functionality&quot;](4)" classname="runners.TestRunner" time="1.931">
    <system-out><![CDATA[
@Step3
Scenario: Verify search functionality                   # src/test/resources/features/C-Search/search.feature:4
  Given I am on the homepage                            # stepDefinitions.SearchSteps.i_am_on_the_homepage()
  When I search for "MacBook"                           # stepDefinitions.SearchSteps.i_search_for(java.lang.String)
Search Result Check Success: Found expected product - MacBook
  Then I should see search results related to "MacBook" # stepDefinitions.SearchSteps.i_should_see_search_results_related_to(java.lang.String)
]]></system-out>
  </testcase>
  <testcase name="runScenario[&quot;Filter search results by category&quot;, &quot;Search Functionality&quot;](5)" classname="runners.TestRunner" time="2.059">
    <system-out><![CDATA[
@Step3
Scenario: Filter search results by category        # src/test/resources/features/C-Search/search.feature:9
  Given I am on the search page                    # stepDefinitions.SearchSteps.i_am_on_the_search_page()
  When I Search for "Phone"                        # stepDefinitions.SearchSteps.i_search_for(java.lang.String)
Category Filter Success: Selected category - Phones & PDAs
  And I filter product by category "Phones & PDAs" # stepDefinitions.SearchSteps.i_filter_product_by_category(java.lang.String)
  Then I should see only "Phones" results          # stepDefinitions.SearchSteps.i_should_see_only_results(java.lang.String)
]]></system-out>
  </testcase>
  <testcase name="runScenario[&quot;Sort search results by rating high to low&quot;, &quot;Search Functionality&quot;](6)" classname="runners.TestRunner" time="11.748">
    <system-out><![CDATA[
@Step3
Scenario: Sort search results by rating high to low               # src/test/resources/features/C-Search/search.feature:16
  Given I search for "Camera"                                     # stepDefinitions.SearchSteps.i_search_for(java.lang.String)
  When I sort results by "Rating (Highest)"                       # stepDefinitions.SearchSteps.i_sort_results_by(java.lang.String)
  Then I should see products sorted from highest to lowest rating # stepDefinitions.SearchSteps.i_should_see_products_sorted_from_highest_to_lowest_rating()
]]></system-out>
  </testcase>
  <testcase name="runScenario[&quot;Sort search results by rating low to high&quot;, &quot;Search Functionality&quot;](7)" classname="runners.TestRunner" time="10.883">
    <system-out><![CDATA[
@Step3
Scenario: Sort search results by rating low to high               # src/test/resources/features/C-Search/search.feature:21
  Given I search for "Camera"                                     # stepDefinitions.SearchSteps.i_search_for(java.lang.String)
  When I sort results by "Rating (Lowest)"                        # stepDefinitions.SearchSteps.i_sort_results_by(java.lang.String)
  Then I should see products sorted from lowest to highest rating # stepDefinitions.SearchSteps.i_should_see_products_sorted_from_lowest_to_highest_rating()
]]></system-out>
  </testcase>
  <testcase name="runScenario[&quot;Validate Product Title, Description, Price, and Images&quot;, &quot;Product Details Page Validation&quot;](8)" classname="runners.TestRunner" time="14.587">
    <system-out><![CDATA[
@Step4
Scenario: Validate Product Title, Description, Price, and Images               # src/test/resources/features/D-ProductDetails/productDetails.feature:4
  Given User is on the product details page                                    # stepDefinitions.ProductDetailsSteps.user_is_on_product_details_page()
  Then Product title, description, price, images should be displayed correctly # stepDefinitions.ProductDetailsSteps.validate_product_details()
]]></system-out>
  </testcase>
  <testcase name="runScenario[&quot;Add Product to Wishlist&quot;, &quot;Product Details Page Validation&quot;](9)" classname="runners.TestRunner" time="8.916">
    <system-out><![CDATA[
@Step4
Scenario: Add Product to Wishlist                   # src/test/resources/features/D-ProductDetails/productDetails.feature:8
  Given User is on the product details page         # stepDefinitions.ProductDetailsSteps.user_is_on_product_details_page()
  When User clicks on "Add to Wishlist"             # stepDefinitions.ProductDetailsSteps.user_clicks_on_button(java.lang.String)
  Then Wishlist success message should be displayed # stepDefinitions.ProductDetailsSteps.verify_wishlist_message()
]]></system-out>
  </testcase>
  <testcase name="runScenario[&quot;Add Product to Cart&quot;, &quot;Product Details Page Validation&quot;](10)" classname="runners.TestRunner" time="7.505">
    <system-out><![CDATA[
@Step4
Scenario: Add Product to Cart                  # src/test/resources/features/D-ProductDetails/productDetails.feature:13
  Given User is on the product details page    # stepDefinitions.ProductDetailsSteps.user_is_on_product_details_page()
  When User clicks on "Add to Cart"            # stepDefinitions.ProductDetailsSteps.user_clicks_on_button(java.lang.String)
  Then The product should be added to the cart # stepDefinitions.ProductDetailsSteps.verify_cart()
]]></system-out>
  </testcase>
  <testcase name="runScenario[&quot;Add, Update, and Remove Items in Cart&quot;, &quot;Shopping Cart Functionality&quot;](11)" classname="runners.TestRunner" time="1.871">
    <system-out><![CDATA[
Scenario: Add, Update, and Remove Items in Cart # src/test/resources/features/E-ShoppingCart/shopping_cart.feature:3
  Given User is on the home page to add items   # stepDefinitions.ShoppingCartSteps.user_is_on_the_home_page()
  When User adds a product to the cart          # stepDefinitions.ShoppingCartSteps.user_adds_a_product_to_the_cart()
  Then Product should be added to the cart      # stepDefinitions.ShoppingCartSteps.product_should_be_added_to_the_cart()
  When User updates product quantity to 3       # stepDefinitions.ShoppingCartSteps.user_updates_product_quantity_to(int)
  Then Product quantity should be updated       # stepDefinitions.ShoppingCartSteps.product_quantity_should_be_updated()
]]></system-out>
  </testcase>
  <testcase name="runScenario[&quot;Complete an order successfully&quot;, &quot;Order Placement&quot;](12)" classname="runners.TestRunner" time="43.922">
    <system-out><![CDATA[
Scenario: Complete an order successfully              # src/test/resources/features/F-OrderPlacement/OrderPlacement.feature:3
  Given User is on the home page to add items         # stepDefinitions.ShoppingCartSteps.user_is_on_the_home_page()
  When User adds a product to the cart                # stepDefinitions.ShoppingCartSteps.user_adds_a_product_to_the_cart()
  Then Product should be added to the cart            # stepDefinitions.ShoppingCartSteps.product_should_be_added_to_the_cart()
  When User updates product quantity to 3             # stepDefinitions.ShoppingCartSteps.user_updates_product_quantity_to(int)
  Then Product quantity should be updated             # stepDefinitions.ShoppingCartSteps.product_quantity_should_be_updated()
  When User enters shipping details and gets quotes   # stepDefinitions.OrderPlacementSteps.user_enters_shipping_details()
  When User proceeds to checkout                      # stepDefinitions.OrderPlacementSteps.user_proceeds_to_checkout()
  When User enters billing details                    # stepDefinitions.OrderPlacementSteps.user_enters_billing_details()
  When User selects delivery details                  # stepDefinitions.OrderPlacementSteps.user_selects_delivery_details()
  When User selects delivery method                   # stepDefinitions.OrderPlacementSteps.user_selects_delivery_method()
  When User selects payment method and confirms order # stepDefinitions.OrderPlacementSteps.user_selects_payment_method_and_confirms_order()
  Then Order should be placed successfully            # stepDefinitions.OrderPlacementSteps.order_should_be_placed_successfully()
]]></system-out>
  </testcase>
</testsuite>