<?xml version="1.0" encoding="UTF-8"?>
<testng-results ignored="0" total="12" passed="12" failed="0" skipped="0">
  <reporter-output>
  </reporter-output>
  <suite started-at="2025-03-22T09:39:05 IST" name="Surefire suite" finished-at="2025-03-22T09:41:49 IST" duration-ms="164659">
    <groups>
      <group name="cucumber">
        <method signature="AbstractTestNGCucumberTests.runScenario(io.cucumber.testng.PickleWrapper,io.cucumber.testng.FeatureWrapper)[pri:0, instance:runners.TestRunner@47af7f3d]" name="runScenario" class="io.cucumber.testng.AbstractTestNGCucumberTests"/>
      </group> <!-- cucumber -->
    </groups>
    <test started-at="2025-03-22T09:39:05 IST" name="Surefire test" finished-at="2025-03-22T09:41:49 IST" duration-ms="164659">
      <class name="runners.TestRunner">
        <test-method is-config="true" signature="setUpClass(org.testng.ITestContext)[pri:0, instance:runners.TestRunner@47af7f3d]" started-at="2025-03-22T09:39:05 IST" name="setUpClass" finished-at="2025-03-22T09:39:05 IST" duration-ms="588" status="PASS">
          <params>
            <param index="0">
              <value>
                <![CDATA[org.testng.TestRunner@46290193]]>
              </value>
            </param>
          </params>
          <reporter-output>
          </reporter-output>
        </test-method> <!-- setUpClass -->
        <test-method is-config="true" signature="setup()[pri:0, instance:runners.TestRunner@47af7f3d]" started-at="2025-03-22T09:39:05 IST" name="setup" finished-at="2025-03-22T09:39:10 IST" duration-ms="4811" status="PASS">
          <reporter-output>
          </reporter-output>
        </test-method> <!-- setup -->
        <test-method signature="runScenario(io.cucumber.testng.PickleWrapper,io.cucumber.testng.FeatureWrapper)[pri:0, instance:runners.TestRunner@47af7f3d]" started-at="2025-03-22T09:39:10 IST" name="runScenario" description="Runs Cucumber Scenarios" data-provider="scenarios" finished-at="2025-03-22T09:39:13 IST" duration-ms="2349" status="PASS">
          <params>
            <param index="0">
              <value>
                <![CDATA["Verify homepage sections"]]>
              </value>
            </param>
            <param index="1">
              <value>
                <![CDATA["Home Page Verification"]]>
              </value>
            </param>
          </params>
          <reporter-output>
          </reporter-output>
        </test-method> <!-- runScenario -->
        <test-method signature="runScenario(io.cucumber.testng.PickleWrapper,io.cucumber.testng.FeatureWrapper)[pri:0, instance:runners.TestRunner@47af7f3d]" started-at="2025-03-22T09:39:13 IST" name="runScenario" description="Runs Cucumber Scenarios" data-provider="scenarios" finished-at="2025-03-22T09:39:53 IST" duration-ms="40351" status="PASS">
          <params>
            <param index="0">
              <value>
                <![CDATA["Register and Login with Valid Data"]]>
              </value>
            </param>
            <param index="1">
              <value>
                <![CDATA["User Registration and Login"]]>
              </value>
            </param>
          </params>
          <reporter-output>
          </reporter-output>
        </test-method> <!-- runScenario -->
        <test-method signature="runScenario(io.cucumber.testng.PickleWrapper,io.cucumber.testng.FeatureWrapper)[pri:0, instance:runners.TestRunner@47af7f3d]" started-at="2025-03-22T09:39:53 IST" name="runScenario" description="Runs Cucumber Scenarios" data-provider="scenarios" finished-at="2025-03-22T09:40:06 IST" duration-ms="12724" status="PASS">
          <params>
            <param index="0">
              <value>
                <![CDATA["Login with Valid Data"]]>
              </value>
            </param>
            <param index="1">
              <value>
                <![CDATA["User Registration and Login"]]>
              </value>
            </param>
          </params>
          <reporter-output>
          </reporter-output>
        </test-method> <!-- runScenario -->
        <test-method signature="runScenario(io.cucumber.testng.PickleWrapper,io.cucumber.testng.FeatureWrapper)[pri:0, instance:runners.TestRunner@47af7f3d]" started-at="2025-03-22T09:40:06 IST" name="runScenario" description="Runs Cucumber Scenarios" data-provider="scenarios" finished-at="2025-03-22T09:40:08 IST" duration-ms="1933" status="PASS">
          <params>
            <param index="0">
              <value>
                <![CDATA["Verify search functionality"]]>
              </value>
            </param>
            <param index="1">
              <value>
                <![CDATA["Search Functionality"]]>
              </value>
            </param>
          </params>
          <reporter-output>
          </reporter-output>
        </test-method> <!-- runScenario -->
        <test-method signature="runScenario(io.cucumber.testng.PickleWrapper,io.cucumber.testng.FeatureWrapper)[pri:0, instance:runners.TestRunner@47af7f3d]" started-at="2025-03-22T09:40:08 IST" name="runScenario" description="Runs Cucumber Scenarios" data-provider="scenarios" finished-at="2025-03-22T09:40:10 IST" duration-ms="2059" status="PASS">
          <params>
            <param index="0">
              <value>
                <![CDATA["Filter search results by category"]]>
              </value>
            </param>
            <param index="1">
              <value>
                <![CDATA["Search Functionality"]]>
              </value>
            </param>
          </params>
          <reporter-output>
          </reporter-output>
        </test-method> <!-- runScenario -->
        <test-method signature="runScenario(io.cucumber.testng.PickleWrapper,io.cucumber.testng.FeatureWrapper)[pri:0, instance:runners.TestRunner@47af7f3d]" started-at="2025-03-22T09:40:10 IST" name="runScenario" description="Runs Cucumber Scenarios" data-provider="scenarios" finished-at="2025-03-22T09:40:21 IST" duration-ms="11750" status="PASS">
          <params>
            <param index="0">
              <value>
                <![CDATA["Sort search results by rating high to low"]]>
              </value>
            </param>
            <param index="1">
              <value>
                <![CDATA["Search Functionality"]]>
              </value>
            </param>
          </params>
          <reporter-output>
          </reporter-output>
        </test-method> <!-- runScenario -->
        <test-method signature="runScenario(io.cucumber.testng.PickleWrapper,io.cucumber.testng.FeatureWrapper)[pri:0, instance:runners.TestRunner@47af7f3d]" started-at="2025-03-22T09:40:21 IST" name="runScenario" description="Runs Cucumber Scenarios" data-provider="scenarios" finished-at="2025-03-22T09:40:32 IST" duration-ms="10883" status="PASS">
          <params>
            <param index="0">
              <value>
                <![CDATA["Sort search results by rating low to high"]]>
              </value>
            </param>
            <param index="1">
              <value>
                <![CDATA["Search Functionality"]]>
              </value>
            </param>
          </params>
          <reporter-output>
          </reporter-output>
        </test-method> <!-- runScenario -->
        <test-method signature="runScenario(io.cucumber.testng.PickleWrapper,io.cucumber.testng.FeatureWrapper)[pri:0, instance:runners.TestRunner@47af7f3d]" started-at="2025-03-22T09:40:32 IST" name="runScenario" description="Runs Cucumber Scenarios" data-provider="scenarios" finished-at="2025-03-22T09:40:47 IST" duration-ms="14586" status="PASS">
          <params>
            <param index="0">
              <value>
                <![CDATA["Validate Product Title, Description, Price, and Images"]]>
              </value>
            </param>
            <param index="1">
              <value>
                <![CDATA["Product Details Page Validation"]]>
              </value>
            </param>
          </params>
          <reporter-output>
          </reporter-output>
        </test-method> <!-- runScenario -->
        <test-method signature="runScenario(io.cucumber.testng.PickleWrapper,io.cucumber.testng.FeatureWrapper)[pri:0, instance:runners.TestRunner@47af7f3d]" started-at="2025-03-22T09:40:47 IST" name="runScenario" description="Runs Cucumber Scenarios" data-provider="scenarios" finished-at="2025-03-22T09:40:56 IST" duration-ms="8915" status="PASS">
          <params>
            <param index="0">
              <value>
                <![CDATA["Add Product to Wishlist"]]>
              </value>
            </param>
            <param index="1">
              <value>
                <![CDATA["Product Details Page Validation"]]>
              </value>
            </param>
          </params>
          <reporter-output>
          </reporter-output>
        </test-method> <!-- runScenario -->
        <test-method signature="runScenario(io.cucumber.testng.PickleWrapper,io.cucumber.testng.FeatureWrapper)[pri:0, instance:runners.TestRunner@47af7f3d]" started-at="2025-03-22T09:40:56 IST" name="runScenario" description="Runs Cucumber Scenarios" data-provider="scenarios" finished-at="2025-03-22T09:41:03 IST" duration-ms="7505" status="PASS">
          <params>
            <param index="0">
              <value>
                <![CDATA["Add Product to Cart"]]>
              </value>
            </param>
            <param index="1">
              <value>
                <![CDATA["Product Details Page Validation"]]>
              </value>
            </param>
          </params>
          <reporter-output>
          </reporter-output>
        </test-method> <!-- runScenario -->
        <test-method signature="runScenario(io.cucumber.testng.PickleWrapper,io.cucumber.testng.FeatureWrapper)[pri:0, instance:runners.TestRunner@47af7f3d]" started-at="2025-03-22T09:41:03 IST" name="runScenario" description="Runs Cucumber Scenarios" data-provider="scenarios" finished-at="2025-03-22T09:41:05 IST" duration-ms="1872" status="PASS">
          <params>
            <param index="0">
              <value>
                <![CDATA["Add, Update, and Remove Items in Cart"]]>
              </value>
            </param>
            <param index="1">
              <value>
                <![CDATA["Shopping Cart Functionality"]]>
              </value>
            </param>
          </params>
          <reporter-output>
          </reporter-output>
        </test-method> <!-- runScenario -->
        <test-method signature="runScenario(io.cucumber.testng.PickleWrapper,io.cucumber.testng.FeatureWrapper)[pri:0, instance:runners.TestRunner@47af7f3d]" started-at="2025-03-22T09:41:05 IST" name="runScenario" description="Runs Cucumber Scenarios" data-provider="scenarios" finished-at="2025-03-22T09:41:49 IST" duration-ms="43922" status="PASS">
          <params>
            <param index="0">
              <value>
                <![CDATA["Complete an order successfully"]]>
              </value>
            </param>
            <param index="1">
              <value>
                <![CDATA["Order Placement"]]>
              </value>
            </param>
          </params>
          <reporter-output>
          </reporter-output>
        </test-method> <!-- runScenario -->
        <test-method is-config="true" signature="teardown()[pri:0, instance:runners.TestRunner@47af7f3d]" started-at="2025-03-22T09:41:49 IST" name="teardown" finished-at="2025-03-22T09:41:49 IST" duration-ms="334" status="PASS">
          <reporter-output>
          </reporter-output>
        </test-method> <!-- teardown -->
        <test-method is-config="true" signature="tearDownClass()[pri:0, instance:runners.TestRunner@47af7f3d]" started-at="2025-03-22T09:41:49 IST" name="tearDownClass" finished-at="2025-03-22T09:41:49 IST" duration-ms="28" status="PASS">
          <reporter-output>
          </reporter-output>
        </test-method> <!-- tearDownClass -->
      </class> <!-- runners.TestRunner -->
    </test> <!-- Surefire test -->
  </suite> <!-- Surefire suite -->
</testng-results>
